
Showing logs for build [32mcb-kubecd-bdd-spring-1585492787-g8cx8-1[0m stage [32mfrom-build-pack[0m and container [32mstep-credential-initializer-kxcvs[0m
{"level":"warn","ts":1585493750.657909,"logger":"fallback-logger","caller":"logging/config.go:69","msg":"Fetch GitHub commit ID from kodata failed: \"ref: refs/heads/0.8.0-**-support-backwards-incompats\" is not a valid GitHub commit ID"}
{"level":"info","ts":1585493750.6585019,"logger":"fallback-logger","caller":"creds-init/main.go:40","msg":"Credentials initialized."}

Showing logs for build [32mcb-kubecd-bdd-spring-1585492787-g8cx8-1[0m stage [32mfrom-build-pack[0m and container [32mstep-working-dir-initializer-9tvqr[0m
{"level":"warn","ts":1585493752.1303496,"logger":"fallback-logger","caller":"logging/config.go:69","msg":"Fetch GitHub commit ID from kodata failed: open /var/run/ko/HEAD: no such file or directory"}
{"level":"info","ts":1585493752.1331964,"logger":"fallback-logger","caller":"bash/main.go:64","msg":"Successfully executed command \"sh -c mkdir -p /workspace/source\"; output "}

Showing logs for build [32mcb-kubecd-bdd-spring-1585492787-g8cx8-1[0m stage [32mfrom-build-pack[0m and container [32mstep-place-tools[0m

Showing logs for build [32mcb-kubecd-bdd-spring-1585492787-g8cx8-1[0m stage [32mfrom-build-pack[0m and container [32mstep-git-source-cb-kubecd-bdd-spring-1585492787-g8cx8-vdtd7[0m
{"level":"warn","ts":1585493762.2202415,"logger":"fallback-logger","caller":"logging/config.go:69","msg":"Fetch GitHub commit ID from kodata failed: \"ref: refs/heads/0.8.0-**-support-backwards-incompats\" is not a valid GitHub commit ID"}
{"level":"info","ts":1585493763.5343065,"logger":"fallback-logger","caller":"git/git.go:103","msg":"Successfully cloned https://github.com/cb-kubecd/bdd-spring-1585492787.git @ master in path /workspace/source"}

Showing logs for build [32mcb-kubecd-bdd-spring-1585492787-g8cx8-1[0m stage [32mfrom-build-pack[0m and container [32mstep-git-merge[0m
Using SHAs from PULL_REFS=master:c68fdb719fd2ad52f826fa5874cb7c75d8614a83,1:f1a3d1fa45e7a17438c946ba08fbd5befc35c30d
DEBUG: LC_ALL=C JX_LOG_LEVEL=error git fetch origin --unshallow f1a3d1fa45e7a17438c946ba08fbd5befc35c30d: c68fdb719fd2ad52f826fa5874cb7c75d8614a83:
DEBUG: ran git fetch --unshallow origin f1a3d1fa45e7a17438c946ba08fbd5befc35c30d: c68fdb719fd2ad52f826fa5874cb7c75d8614a83: in 
DEBUG: LC_ALL=C JX_LOG_LEVEL=error git branch
DEBUG: JX_LOG_LEVEL=error LC_ALL=C git checkout master
DEBUG: ran git checkout master in 
DEBUG: LC_ALL=C JX_LOG_LEVEL=error git reset --hard c68fdb719fd2ad52f826fa5874cb7c75d8614a83
DEBUG: ran git reset --hard c68fdb719fd2ad52f826fa5874cb7c75d8614a83 in 
DEBUG: LC_ALL=C JX_LOG_LEVEL=error git clean -fd .
DEBUG: ran clean --force -d . in 
DEBUG: JX_LOG_LEVEL=error LC_ALL=C git merge f1a3d1fa45e7a17438c946ba08fbd5befc35c30d
DEBUG: ran git merge f1a3d1fa45e7a17438c946ba08fbd5befc35c30d in 
DEBUG: LC_ALL=C JX_LOG_LEVEL=error git log --format=%H%x1f%an%x1f%ae%x1f%cn%x1f%ce%x1f%s%n%b%x1e c68fdb719fd2ad52f826fa5874cb7c75d8614a83..HEAD
Merged SHA f1a3d1fa45e7a17438c946ba08fbd5befc35c30d with commit message 'My first PR commit' into base branch master

Showing logs for build [32mcb-kubecd-bdd-spring-1585492787-g8cx8-1[0m stage [32mfrom-build-pack[0m and container [32mstep-build-set-version[0m
Picked up _JAVA_OPTIONS: -XX:+UnlockExperimentalVMOptions -XX:+UseCGroupMemoryLimitForHeap -Dsun.zip.disableMemoryMapping=true -XX:+UseParallelGC -XX:MinHeapFreeRatio=5 -XX:MaxHeapFreeRatio=10 -XX:GCTimeRatio=4 -XX:AdaptiveSizePolicyWeight=90 -Xms10m -Xmx192m
OpenJDK 64-Bit Server VM warning: If the number of processors is expected to increase from one, then you should configure the number of parallel GC threads appropriately using -XX:ParallelGCThreads=N
[INFO] Scanning for projects...
[INFO] 
[INFO] -----------------< com.example:bdd-spring-1585492787 >------------------
[INFO] Building demo 0.0.1-SNAPSHOT
[INFO] --------------------------------[ jar ]---------------------------------
[INFO] 
[INFO] --- versions-maven-plugin:2.7:set (default-cli) @ bdd-spring-1585492787 ---
[INFO] Searching for local aggregator root...
[INFO] Local aggregation root: /workspace/source
[INFO] Processing change of com.example:bdd-spring-1585492787:0.0.1-SNAPSHOT -> 0.0.0-SNAPSHOT-PR-1-1
[INFO] Processing com.example:bdd-spring-1585492787
[INFO]     Updating project com.example:bdd-spring-1585492787
[INFO]         from version 0.0.1-SNAPSHOT to 0.0.0-SNAPSHOT-PR-1-1
[INFO] 
[INFO] ------------------------------------------------------------------------
[INFO] BUILD SUCCESS
[INFO] ------------------------------------------------------------------------
[INFO] Total time:  19.646 s
[INFO] Finished at: 2020-03-29T14:56:29Z
[INFO] ------------------------------------------------------------------------

Showing logs for build [32mcb-kubecd-bdd-spring-1585492787-g8cx8-1[0m stage [32mfrom-build-pack[0m and container [32mstep-build-mvn-install[0m
Picked up _JAVA_OPTIONS: -XX:+UnlockExperimentalVMOptions -XX:+UseCGroupMemoryLimitForHeap -Dsun.zip.disableMemoryMapping=true -XX:+UseParallelGC -XX:MinHeapFreeRatio=5 -XX:MaxHeapFreeRatio=10 -XX:GCTimeRatio=4 -XX:AdaptiveSizePolicyWeight=90 -Xms10m -Xmx192m
OpenJDK 64-Bit Server VM warning: If the number of processors is expected to increase from one, then you should configure the number of parallel GC threads appropriately using -XX:ParallelGCThreads=N
[INFO] Scanning for projects...
[INFO] 
[INFO] -----------------< com.example:bdd-spring-1585492787 >------------------
[INFO] Building demo 0.0.0-SNAPSHOT-PR-1-1
[INFO] --------------------------------[ jar ]---------------------------------
[INFO] 
[INFO] --- maven-resources-plugin:3.1.0:resources (default-resources) @ bdd-spring-1585492787 ---
[INFO] Using 'UTF-8' encoding to copy filtered resources.
[INFO] Copying 1 resource
[INFO] Copying 0 resource
[INFO] 
[INFO] --- maven-compiler-plugin:3.8.1:compile (default-compile) @ bdd-spring-1585492787 ---
[INFO] Changes detected - recompiling the module!
[INFO] Compiling 1 source file to /workspace/source/target/classes
[INFO] 
[INFO] --- maven-resources-plugin:3.1.0:testResources (default-testResources) @ bdd-spring-1585492787 ---
[INFO] Using 'UTF-8' encoding to copy filtered resources.
[INFO] skip non existing resourceDirectory /workspace/source/src/test/resources
[INFO] 
[INFO] --- maven-compiler-plugin:3.8.1:testCompile (default-testCompile) @ bdd-spring-1585492787 ---
[INFO] Changes detected - recompiling the module!
[INFO] Compiling 1 source file to /workspace/source/target/test-classes
[INFO] 
[INFO] --- maven-surefire-plugin:3.0.0-M1:test (default-test) @ bdd-spring-1585492787 ---
[INFO] 
[INFO] -------------------------------------------------------
[INFO]  T E S T S
[INFO] -------------------------------------------------------
[INFO] Running com.example.bddspring1585492787.DemoApplicationTests
14:56:51.446 [main] DEBUG org.springframework.test.context.BootstrapUtils - Instantiating CacheAwareContextLoaderDelegate from class [org.springframework.test.context.cache.DefaultCacheAwareContextLoaderDelegate]
14:56:51.506 [main] DEBUG org.springframework.test.context.BootstrapUtils - Instantiating BootstrapContext using constructor [public org.springframework.test.context.support.DefaultBootstrapContext(java.lang.Class,org.springframework.test.context.CacheAwareContextLoaderDelegate)]
14:56:51.619 [main] DEBUG org.springframework.test.context.BootstrapUtils - Instantiating TestContextBootstrapper for test class [com.example.bddspring1585492787.DemoApplicationTests] from class [org.springframework.boot.test.context.SpringBootTestContextBootstrapper]
14:56:51.699 [main] INFO org.springframework.boot.test.context.SpringBootTestContextBootstrapper - Neither @ContextConfiguration nor @ContextHierarchy found for test class [com.example.bddspring1585492787.DemoApplicationTests], using SpringBootContextLoader
14:56:51.712 [main] DEBUG org.springframework.test.context.support.AbstractContextLoader - Did not detect default resource location for test class [com.example.bddspring1585492787.DemoApplicationTests]: class path resource [com/example/bddspring1585492787/DemoApplicationTests-context.xml] does not exist
14:56:51.714 [main] DEBUG org.springframework.test.context.support.AbstractContextLoader - Did not detect default resource location for test class [com.example.bddspring1585492787.DemoApplicationTests]: class path resource [com/example/bddspring1585492787/DemoApplicationTestsContext.groovy] does not exist
14:56:51.723 [main] INFO org.springframework.test.context.support.AbstractContextLoader - Could not detect default resource locations for test class [com.example.bddspring1585492787.DemoApplicationTests]: no resource found for suffixes {-context.xml, Context.groovy}.
14:56:51.724 [main] INFO org.springframework.test.context.support.AnnotationConfigContextLoaderUtils - Could not detect default configuration classes for test class [com.example.bddspring1585492787.DemoApplicationTests]: DemoApplicationTests does not declare any static, non-private, non-final, nested classes annotated with @Configuration.
14:56:51.811 [main] DEBUG org.springframework.test.context.support.ActiveProfilesUtils - Could not find an 'annotation declaring class' for annotation type [org.springframework.test.context.ActiveProfiles] and class [com.example.bddspring1585492787.DemoApplicationTests]
14:56:51.929 [main] DEBUG org.springframework.context.annotation.ClassPathScanningCandidateComponentProvider - Identified candidate component class: file [/workspace/source/target/classes/com/example/bddspring1585492787/DemoApplication.class]
14:56:51.931 [main] INFO org.springframework.boot.test.context.SpringBootTestContextBootstrapper - Found @SpringBootConfiguration com.example.bddspring1585492787.DemoApplication for test class com.example.bddspring1585492787.DemoApplicationTests
14:56:52.215 [main] DEBUG org.springframework.boot.test.context.SpringBootTestContextBootstrapper - @TestExecutionListeners is not present for class [com.example.bddspring1585492787.DemoApplicationTests]: using defaults.
14:56:52.223 [main] INFO org.springframework.boot.test.context.SpringBootTestContextBootstrapper - Loaded default TestExecutionListener class names from location [META-INF/spring.factories]: [org.springframework.boot.test.mock.mockito.MockitoTestExecutionListener, org.springframework.boot.test.mock.mockito.ResetMocksTestExecutionListener, org.springframework.boot.test.autoconfigure.restdocs.RestDocsTestExecutionListener, org.springframework.boot.test.autoconfigure.web.client.MockRestServiceServerResetTestExecutionListener, org.springframework.boot.test.autoconfigure.web.servlet.MockMvcPrintOnlyOnFailureTestExecutionListener, org.springframework.boot.test.autoconfigure.web.servlet.WebDriverTestExecutionListener, org.springframework.test.context.web.ServletTestExecutionListener, org.springframework.test.context.support.DirtiesContextBeforeModesTestExecutionListener, org.springframework.test.context.support.DependencyInjectionTestExecutionListener, org.springframework.test.context.support.DirtiesContextTestExecutionListener, org.springframework.test.context.transaction.TransactionalTestExecutionListener, org.springframework.test.context.jdbc.SqlScriptsTestExecutionListener, org.springframework.test.context.event.EventPublishingTestExecutionListener]
14:56:52.296 [main] DEBUG org.springframework.boot.test.context.SpringBootTestContextBootstrapper - Skipping candidate TestExecutionListener [org.springframework.test.context.transaction.TransactionalTestExecutionListener] due to a missing dependency. Specify custom listener classes or make the default listener classes and their required dependencies available. Offending class: [org/springframework/transaction/TransactionDefinition]
14:56:52.298 [main] DEBUG org.springframework.boot.test.context.SpringBootTestContextBootstrapper - Skipping candidate TestExecutionListener [org.springframework.test.context.jdbc.SqlScriptsTestExecutionListener] due to a missing dependency. Specify custom listener classes or make the default listener classes and their required dependencies available. Offending class: [org/springframework/transaction/interceptor/TransactionAttribute]
14:56:52.298 [main] INFO org.springframework.boot.test.context.SpringBootTestContextBootstrapper - Using TestExecutionListeners: [org.springframework.test.context.web.ServletTestExecutionListener@73e22a3d, org.springframework.test.context.support.DirtiesContextBeforeModesTestExecutionListener@47faa49c, org.springframework.boot.test.mock.mockito.MockitoTestExecutionListener@28f2a10f, org.springframework.boot.test.autoconfigure.SpringBootDependencyInjectionTestExecutionListener@f736069, org.springframework.test.context.support.DirtiesContextTestExecutionListener@6da21078, org.springframework.test.context.event.EventPublishingTestExecutionListener@7fee8714, org.springframework.boot.test.mock.mockito.ResetMocksTestExecutionListener@4229bb3f, org.springframework.boot.test.autoconfigure.restdocs.RestDocsTestExecutionListener@56cdfb3b, org.springframework.boot.test.autoconfigure.web.client.MockRestServiceServerResetTestExecutionListener@2b91004a, org.springframework.boot.test.autoconfigure.web.servlet.MockMvcPrintOnlyOnFailureTestExecutionListener@20ccf40b, org.springframework.boot.test.autoconfigure.web.servlet.WebDriverTestExecutionListener@2fb3536e]
14:56:52.304 [main] DEBUG org.springframework.test.context.support.AbstractDirtiesContextTestExecutionListener - Before test class: context [DefaultTestContext@614ca7df testClass = DemoApplicationTests, testInstance = [null], testMethod = [null], testException = [null], mergedContextConfiguration = [WebMergedContextConfiguration@4738a206 testClass = DemoApplicationTests, locations = '{}', classes = '{class com.example.bddspring1585492787.DemoApplication}', contextInitializerClasses = '[]', activeProfiles = '{}', propertySourceLocations = '{}', propertySourceProperties = '{org.springframework.boot.test.context.SpringBootTestContextBootstrapper=true}', contextCustomizers = set[org.springframework.boot.test.context.filter.ExcludeFilterContextCustomizer@71b1176b, org.springframework.boot.test.json.DuplicateJsonObjectContextCustomizerFactory$DuplicateJsonObjectContextCustomizer@159f197, org.springframework.boot.test.mock.mockito.MockitoContextCustomizer@0, org.springframework.boot.test.web.client.TestRestTemplateContextCustomizer@3cc2931c, org.springframework.boot.test.autoconfigure.properties.PropertyMappingContextCustomizer@0, org.springframework.boot.test.autoconfigure.web.servlet.WebDriverContextCustomizerFactory$Customizer@1c93084c], resourceBasePath = 'src/main/webapp', contextLoader = 'org.springframework.boot.test.context.SpringBootContextLoader', parent = [null]], attributes = map['org.springframework.test.context.web.ServletTestExecutionListener.activateListener' -> true]], class annotated with @DirtiesContext [false] with mode [null].
14:56:52.411 [main] DEBUG org.springframework.test.context.support.TestPropertySourceUtils - Adding inlined properties to environment: {spring.jmx.enabled=false, org.springframework.boot.test.context.SpringBootTestContextBootstrapper=true, server.port=-1}

  .   ____          _            __ _ _
 /\\ / ___'_ __ _ _(_)_ __  __ _ \ \ \ \
( ( )\___ | '_ | '_| | '_ \/ _` | \ \ \ \
 \\/  ___)| |_)| | | | | || (_| |  ) ) ) )
  '  |____| .__|_| |_|_| |_\__, | / / / /
 =========|_|==============|___/=/_/_/_/
 :: Spring Boot ::        (v2.2.6.RELEASE)

2020-03-29 14:56:53.042  INFO 63 --- [           main] c.e.b.DemoApplicationTests               : Starting DemoApplicationTests on cb-kubecd-bdd-spring-1585492787-g8cx8-1-from-build-pack-pfhg9-p with PID 63 (started by root in /workspace/source)
2020-03-29 14:56:53.048  INFO 63 --- [           main] c.e.b.DemoApplicationTests               : No active profile set, falling back to default profiles: default
2020-03-29 14:57:00.326  INFO 63 --- [           main] o.s.s.concurrent.ThreadPoolTaskExecutor  : Initializing ExecutorService 'applicationTaskExecutor'
2020-03-29 14:57:02.209  INFO 63 --- [           main] o.s.b.a.e.web.EndpointLinksResolver      : Exposing 2 endpoint(s) beneath base path '/actuator'
2020-03-29 14:57:02.392  INFO 63 --- [           main] c.e.b.DemoApplicationTests               : Started DemoApplicationTests in 9.952 seconds (JVM running for 12.78)
[INFO] Tests run: 1, Failures: 0, Errors: 0, Skipped: 0, Time elapsed: 12.089 s - in com.example.bddspring1585492787.DemoApplicationTests
2020-03-29 14:57:03.337  INFO 63 --- [extShutdownHook] o.s.s.concurrent.ThreadPoolTaskExecutor  : Shutting down ExecutorService 'applicationTaskExecutor'
[INFO] 
[INFO] Results:
[INFO] 
[INFO] Tests run: 1, Failures: 0, Errors: 0, Skipped: 0
[INFO] 
[INFO] 
[INFO] --- maven-jar-plugin:3.1.2:jar (default-jar) @ bdd-spring-1585492787 ---
[INFO] Building jar: /workspace/source/target/bdd-spring-1585492787-0.0.0-SNAPSHOT-PR-1-1.jar
[INFO] 
[INFO] --- spring-boot-maven-plugin:2.2.6.RELEASE:repackage (repackage) @ bdd-spring-1585492787 ---
[INFO] Replacing main artifact with repackaged archive
[INFO] 
[INFO] --- maven-install-plugin:2.5.2:install (default-install) @ bdd-spring-1585492787 ---
[INFO] Installing /workspace/source/target/bdd-spring-1585492787-0.0.0-SNAPSHOT-PR-1-1.jar to /home/jenkins/.mvnrepository/com/example/bdd-spring-1585492787/0.0.0-SNAPSHOT-PR-1-1/bdd-spring-1585492787-0.0.0-SNAPSHOT-PR-1-1.jar
[INFO] Installing /workspace/source/pom.xml to /home/jenkins/.mvnrepository/com/example/bdd-spring-1585492787/0.0.0-SNAPSHOT-PR-1-1/bdd-spring-1585492787-0.0.0-SNAPSHOT-PR-1-1.pom
[INFO] ------------------------------------------------------------------------
[INFO] BUILD SUCCESS
[INFO] ------------------------------------------------------------------------
[INFO] Total time:  35.402 s
[INFO] Finished at: 2020-03-29T14:57:08Z
[INFO] ------------------------------------------------------------------------

Showing logs for build [32mcb-kubecd-bdd-spring-1585492787-g8cx8-1[0m stage [32mfrom-build-pack[0m and container [32mstep-build-skaffold-version[0m
v1.0.1

Showing logs for build [32mcb-kubecd-bdd-spring-1585492787-g8cx8-1[0m stage [32mfrom-build-pack[0m and container [32mstep-build-container-build[0m
[36mINFO[0m[0000] Downloading base image openjdk:8-jdk-slim    
ERROR: logging before flag.Parse: E0329 14:57:11.203010      10 metadata.go:142] while reading 'google-dockercfg' metadata: http status code: 404 while fetching url http://metadata.google.internal./computeMetadata/v1/instance/attributes/google-dockercfg
ERROR: logging before flag.Parse: E0329 14:57:11.205980      10 metadata.go:159] while reading 'google-dockercfg-url' metadata: http status code: 404 while fetching url http://metadata.google.internal./computeMetadata/v1/instance/attributes/google-dockercfg-url
2020/03/29 14:57:11 No matching credentials were found, falling back on anonymous
[36mINFO[0m[0001] Error while retrieving image from cache: getting file info: stat /workspace/sha256:9a6201786a233a26fa84d1f61affddacab15e9cba06bb9cf0db38ec9c285773b: no such file or directory 
[36mINFO[0m[0001] Downloading base image openjdk:8-jdk-slim    
2020/03/29 14:57:12 No matching credentials were found, falling back on anonymous
[36mINFO[0m[0002] cmd: EXPOSE                                  
[36mINFO[0m[0002] Adding exposed port: 8080/tcp                
[36mINFO[0m[0002] Using files from context: [/workspace/source/pom.xml] 
[36mINFO[0m[0002] Using files from context: [/workspace/source/target/bdd-spring-1585492787-0.0.0-SNAPSHOT-PR-1-1.jar] 
[36mINFO[0m[0002] Skipping unpacking as no commands require it. 
[36mINFO[0m[0002] Taking snapshot of full filesystem...        
[36mINFO[0m[0002] ENV PORT 8080                                
[36mINFO[0m[0002] No files changed in this command, skipping snapshotting. 
[36mINFO[0m[0002] ENV CLASSPATH /opt/lib                       
[36mINFO[0m[0002] No files changed in this command, skipping snapshotting. 
[36mINFO[0m[0002] EXPOSE 8080                                  
[36mINFO[0m[0002] cmd: EXPOSE                                  
[36mINFO[0m[0002] Adding exposed port: 8080/tcp                
[36mINFO[0m[0002] No files changed in this command, skipping snapshotting. 
[36mINFO[0m[0002] Using files from context: [/workspace/source/pom.xml] 
[36mINFO[0m[0002] COPY pom.xml target/lib* /opt/lib/           
[36mINFO[0m[0002] Taking snapshot of files...                  
[36mINFO[0m[0002] Using files from context: [/workspace/source/target/bdd-spring-1585492787-0.0.0-SNAPSHOT-PR-1-1.jar] 
[36mINFO[0m[0002] COPY target/*.jar /opt/app.jar               
[36mINFO[0m[0002] Taking snapshot of files...                  
[36mINFO[0m[0002] WORKDIR /opt                                 
[36mINFO[0m[0002] cmd: workdir                                 
[36mINFO[0m[0002] Changed working directory to /opt            
[36mINFO[0m[0002] No files changed in this command, skipping snapshotting. 
[36mINFO[0m[0002] CMD ["java", "-XX:+UnlockExperimentalVMOptions", "-XX:+UseCGroupMemoryLimitForHeap", "-jar", "app.jar"] 
[36mINFO[0m[0002] No files changed in this command, skipping snapshotting. 
2020/03/29 14:57:14 existing blob: sha256:4874c5772968dcab87c114bee2baf2c7e9a06dda36e63bdfeab71bd4d6f02890
2020/03/29 14:57:14 existing blob: sha256:cd812b6e86d2716865163d0858b828d2adbce541cd7b2f057ec5a461f0ac4301
2020/03/29 14:57:14 existing blob: sha256:68ced04f60ab5c7a5f1d0b0b4e7572c5a4c8cce44866513d30d9df1a15277d6b
2020/03/29 14:57:14 existing blob: sha256:1036c6da18fe8ac7f046061bc1cc870d2a1608caceded73416ec139bae64a0c6
2020/03/29 14:57:17 pushed blob: sha256:2b90e9828df3b8e23bb91cef7a393e75b5edd9d01b5da00e0beb2fc0a2c3678b
2020/03/29 14:57:17 pushed blob: sha256:91f70625e024049c8cacfc7796b03e3b3bddb5b674f81f016cc1229c36613445
2020/03/29 14:57:18 pushed blob: sha256:eee3817daa6be2003f796dd591bd10a452a9a42040c309bcf2c90e4765c4056a
2020/03/29 14:57:20 gcr.io/jenkins-x-bdd3/bdd-spring-1585492787:0.0.0-SNAPSHOT-PR-1-1: digest: sha256:8888532e5fb99e66386b5901a74de8f3404ab9eb887f66bd35c5c28cd1c573b5 size: 1244

Showing logs for build [32mcb-kubecd-bdd-spring-1585492787-g8cx8-1[0m stage [32mfrom-build-pack[0m and container [32mstep-postbuild-post-build[0m
no CVE provider running in the current ** namespace so skip adding image to be analysed

Showing logs for build [32mcb-kubecd-bdd-spring-1585492787-g8cx8-1[0m stage [32mfrom-build-pack[0m and container [32mstep-promote-make-preview[0m
sed -i -e "s/version:.*/version: 0.0.0-SNAPSHOT-PR-1-1/" Chart.yaml
sed -i -e "s/version:.*/version: 0.0.0-SNAPSHOT-PR-1-1/" ../*/Chart.yaml
sed -i -e "s|repository:.*|repository: gcr.io\/jenkins-x-bdd3\/bdd-spring-1585492787|" values.yaml
sed -i -e "s/tag:.*/tag: 0.0.0-SNAPSHOT-PR-1-1/" values.yaml
echo "  version: 0.0.0-SNAPSHOT-PR-1-1" >> requirements.yaml
** step helm build
WARNING: No $CHART_REPOSITORY defined so using the default value of: http://jenkins-x-chartmuseum:8080
Adding missing Helm repo: storage.googleapis.com https://storage.googleapis.com/chartmuseum.jenkins-x.io
WARNING: No secrets found on "helm/repos" due: reading the secret "helm/repos" from vault: no secret "helm/repos" not found in vault
Read credentials for https://storage.googleapis.com/chartmuseum.jenkins-x.io from vault helm/repos
Successfully added Helm repository storage.googleapis.com.
Adding missing Helm repo: jenkins-x-chartmuseum http://jenkins-x-chartmuseum:8080
WARNING: No secrets found on "helm/repos" due: reading the secret "helm/repos" from vault: no secret "helm/repos" not found in vault
Read credentials for http://jenkins-x-chartmuseum:8080 from vault helm/repos
Successfully added Helm repository jenkins-x-chartmuseum.
WARNING: No $CHART_REPOSITORY defined so using the default value of: http://jenkins-x-chartmuseum:8080
Adding missing Helm repo: chartmuseum.jenkins-x.io http://chartmuseum.jenkins-x.io
WARNING: No secrets found on "helm/repos" due: reading the secret "helm/repos" from vault: no secret "helm/repos" not found in vault
Read credentials for http://chartmuseum.jenkins-x.io from vault helm/repos
Successfully added Helm repository chartmuseum.jenkins-x.io.

Showing logs for build [32mcb-kubecd-bdd-spring-1585492787-g8cx8-1[0m stage [32mfrom-build-pack[0m and container [32mstep-promote-jx-preview[0m
Creating a preview
Created environment cb-kubecd-bdd-spring-1585492787-pr-1
Namespace **-cb-kubecd-bdd-spring-1585492787-pr-1 created 
expose:
  Annotations:
    helm.sh/hook: post-install,post-upgrade
    helm.sh/hook-delete-policy: hook-succeeded
  config:
    domain: c**du1.bdd.jenkins-x.rocks
    exposer: Ingress
    http: "true"
preview:
  image:
    repository: gcr.io/jenkins-x-bdd3/bdd-spring-1585492787
    tag: 0.0.0-SNAPSHOT-PR-1-1

Updating PipelineActivities cb-kubecd-bdd-spring-1585492787-pr-1-1 which has status Running
WARNING: preview application http://bdd-spring-1585492787.**-cb-kubecd-bdd-spring-1585492787-pr-1.c**du1.bdd.jenkins-x.rocks not available, error was Get http://bdd-spring-1585492787.**-cb-kubecd-bdd-spring-1585492787-pr-1.c**du1.bdd.jenkins-x.rocks: dial tcp: lookup bdd-spring-1585492787.**-cb-kubecd-bdd-spring-1585492787-pr-1.c**du1.bdd.jenkins-x.rocks on 10.27.240.10:53: no such host, delaying for: 1.283034974s
WARNING: preview application http://bdd-spring-1585492787.**-cb-kubecd-bdd-spring-1585492787-pr-1.c**du1.bdd.jenkins-x.rocks not available, error was Get http://bdd-spring-1585492787.**-cb-kubecd-bdd-spring-1585492787-pr-1.c**du1.bdd.jenkins-x.rocks: dial tcp: lookup bdd-spring-1585492787.**-cb-kubecd-bdd-spring-1585492787-pr-1.c**du1.bdd.jenkins-x.rocks on 10.27.240.10:53: no such host, delaying for: 956.706092ms
WARNING: preview application http://bdd-spring-1585492787.**-cb-kubecd-bdd-spring-1585492787-pr-1.c**du1.bdd.jenkins-x.rocks not available, error was Get http://bdd-spring-1585492787.**-cb-kubecd-bdd-spring-1585492787-pr-1.c**du1.bdd.jenkins-x.rocks: dial tcp: lookup bdd-spring-1585492787.**-cb-kubecd-bdd-spring-1585492787-pr-1.c**du1.bdd.jenkins-x.rocks on 10.27.240.10:53: no such host, delaying for: 1.345569468s
WARNING: preview application http://bdd-spring-1585492787.**-cb-kubecd-bdd-spring-1585492787-pr-1.c**du1.bdd.jenkins-x.rocks not available, error was Get http://bdd-spring-1585492787.**-cb-kubecd-bdd-spring-1585492787-pr-1.c**du1.bdd.jenkins-x.rocks: dial tcp: lookup bdd-spring-1585492787.**-cb-kubecd-bdd-spring-1585492787-pr-1.c**du1.bdd.jenkins-x.rocks on 10.27.240.10:53: no such host, delaying for: 4.050971572s
WARNING: preview application http://bdd-spring-1585492787.**-cb-kubecd-bdd-spring-1585492787-pr-1.c**du1.bdd.jenkins-x.rocks not available, error was Get http://bdd-spring-1585492787.**-cb-kubecd-bdd-spring-1585492787-pr-1.c**du1.bdd.jenkins-x.rocks: dial tcp: lookup bdd-spring-1585492787.**-cb-kubecd-bdd-spring-1585492787-pr-1.c**du1.bdd.jenkins-x.rocks on 10.27.240.10:53: no such host, delaying for: 2.640264778s
WARNING: preview application http://bdd-spring-1585492787.**-cb-kubecd-bdd-spring-1585492787-pr-1.c**du1.bdd.jenkins-x.rocks not available, error was Get http://bdd-spring-1585492787.**-cb-kubecd-bdd-spring-1585492787-pr-1.c**du1.bdd.jenkins-x.rocks: dial tcp: lookup bdd-spring-1585492787.**-cb-kubecd-bdd-spring-1585492787-pr-1.c**du1.bdd.jenkins-x.rocks on 10.27.240.10:53: no such host, delaying for: 7.589083593s
WARNING: preview application http://bdd-spring-1585492787.**-cb-kubecd-bdd-spring-1585492787-pr-1.c**du1.bdd.jenkins-x.rocks not available, error was Get http://bdd-spring-1585492787.**-cb-kubecd-bdd-spring-1585492787-pr-1.c**du1.bdd.jenkins-x.rocks: dial tcp: lookup bdd-spring-1585492787.**-cb-kubecd-bdd-spring-1585492787-pr-1.c**du1.bdd.jenkins-x.rocks on 10.27.240.10:53: no such host, delaying for: 6.520544564s
WARNING: preview application http://bdd-spring-1585492787.**-cb-kubecd-bdd-spring-1585492787-pr-1.c**du1.bdd.jenkins-x.rocks not available, error was Get http://bdd-spring-1585492787.**-cb-kubecd-bdd-spring-1585492787-pr-1.c**du1.bdd.jenkins-x.rocks: dial tcp: lookup bdd-spring-1585492787.**-cb-kubecd-bdd-spring-1585492787-pr-1.c**du1.bdd.jenkins-x.rocks on 10.27.240.10:53: no such host, delaying for: 10.199180659s
WARNING: preview application http://bdd-spring-1585492787.**-cb-kubecd-bdd-spring-1585492787-pr-1.c**du1.bdd.jenkins-x.rocks not available, error was Get http://bdd-spring-1585492787.**-cb-kubecd-bdd-spring-1585492787-pr-1.c**du1.bdd.jenkins-x.rocks: dial tcp: lookup bdd-spring-1585492787.**-cb-kubecd-bdd-spring-1585492787-pr-1.c**du1.bdd.jenkins-x.rocks on 10.27.240.10:53: no such host, delaying for: 37.600023335s
WARNING: preview application http://bdd-spring-1585492787.**-cb-kubecd-bdd-spring-1585492787-pr-1.c**du1.bdd.jenkins-x.rocks not available, error was Get http://bdd-spring-1585492787.**-cb-kubecd-bdd-spring-1585492787-pr-1.c**du1.bdd.jenkins-x.rocks: dial tcp: lookup bdd-spring-1585492787.**-cb-kubecd-bdd-spring-1585492787-pr-1.c**du1.bdd.jenkins-x.rocks on 10.27.240.10:53: no such host, delaying for: 35.856053632s
WARNING: preview application http://bdd-spring-1585492787.**-cb-kubecd-bdd-spring-1585492787-pr-1.c**du1.bdd.jenkins-x.rocks not available, error was Get http://bdd-spring-1585492787.**-cb-kubecd-bdd-spring-1585492787-pr-1.c**du1.bdd.jenkins-x.rocks: dial tcp: lookup bdd-spring-1585492787.**-cb-kubecd-bdd-spring-1585492787-pr-1.c**du1.bdd.jenkins-x.rocks on 10.27.240.10:53: no such host, delaying for: 29.275456602s
WARNING: preview application http://bdd-spring-1585492787.**-cb-kubecd-bdd-spring-1585492787-pr-1.c**du1.bdd.jenkins-x.rocks not available, error was Get http://bdd-spring-1585492787.**-cb-kubecd-bdd-spring-1585492787-pr-1.c**du1.bdd.jenkins-x.rocks: dial tcp: lookup bdd-spring-1585492787.**-cb-kubecd-bdd-spring-1585492787-pr-1.c**du1.bdd.jenkins-x.rocks on 10.27.240.10:53: no such host, delaying for: 1m4.701075416s
WARNING: preview application http://bdd-spring-1585492787.**-cb-kubecd-bdd-spring-1585492787-pr-1.c**du1.bdd.jenkins-x.rocks not available, error was Get http://bdd-spring-1585492787.**-cb-kubecd-bdd-spring-1585492787-pr-1.c**du1.bdd.jenkins-x.rocks: dial tcp: lookup bdd-spring-1585492787.**-cb-kubecd-bdd-spring-1585492787-pr-1.c**du1.bdd.jenkins-x.rocks on 10.27.240.10:53: no such host, delaying for: 1m27.788364073s
WARNING: preview application http://bdd-spring-1585492787.**-cb-kubecd-bdd-spring-1585492787-pr-1.c**du1.bdd.jenkins-x.rocks not available, error was Get http://bdd-spring-1585492787.**-cb-kubecd-bdd-spring-1585492787-pr-1.c**du1.bdd.jenkins-x.rocks: dial tcp: lookup bdd-spring-1585492787.**-cb-kubecd-bdd-spring-1585492787-pr-1.c**du1.bdd.jenkins-x.rocks on 10.27.240.10:53: no such host, delaying for: 1m12.644634709s
Preview application is now available at: http://bdd-spring-1585492787.**-cb-kubecd-bdd-spring-1585492787-pr-1.c**du1.bdd.jenkins-x.rocks
